15:05:33: Creating resource group General
15:05:33: Creating resource group Internal
15:05:33: Creating resource group Autodetect
15:05:33: SceneManagerFactory for type 'DefaultSceneManager' registered.
15:05:33: Registering ResourceManager for type Material
15:05:33: Registering ResourceManager for type Mesh
15:05:33: Registering ResourceManager for type Skeleton
15:05:33: MovableObjectFactory for type 'ParticleSystem' registered.
15:05:33: OverlayElementFactory for type Panel registered.
15:05:33: OverlayElementFactory for type BorderPanel registered.
15:05:33: OverlayElementFactory for type TextArea registered.
15:05:33: Registering ResourceManager for type Font
15:05:33: ArchiveFactory for archive type FileSystem registered.
15:05:33: ArchiveFactory for archive type Zip registered.
15:05:33: ArchiveFactory for archive type EmbeddedZip registered.
15:05:33: DDS codec registering
15:05:33: FreeImage version: 3.10.0
15:05:33: This program uses FreeImage, a free, open source image library supporting all common bitmap formats. See http://freeimage.sourceforge.net for details
15:05:33: Supported formats: bmp,ico,jpg,jif,jpeg,jpe,koa,iff,lbm,pbm,pbm,pcd,pcx,pgm,pgm,png,ppm,ppm,ras,tga,targa,tif,tiff,wap,wbmp,wbm,psd,cut,xbm,xpm,dds,gif,g3,sgi,j2k,j2c,jp2
15:05:33: PVRTC codec registering
15:05:33: Registering ResourceManager for type HighLevelGpuProgram
15:05:33: Registering ResourceManager for type Compositor
15:05:33: MovableObjectFactory for type 'Entity' registered.
15:05:33: MovableObjectFactory for type 'Light' registered.
15:05:33: MovableObjectFactory for type 'BillboardSet' registered.
15:05:33: MovableObjectFactory for type 'ManualObject' registered.
15:05:33: MovableObjectFactory for type 'BillboardChain' registered.
15:05:33: MovableObjectFactory for type 'RibbonTrail' registered.
15:05:33: *-*-* OGRE Initialising
15:05:33: *-*-* Version 1.8.2 (Byatis)
15:05:33: D3D9 : Direct3D9 Rendering Subsystem created.
15:05:33: D3D9: Driver Detection Starts
15:05:33: D3D9: Driver Detection Ends
15:05:33: Particle Emitter Type 'Point' registered
15:05:33: Particle Emitter Type 'Box' registered
15:05:33: Particle Emitter Type 'Ellipsoid' registered
15:05:33: Particle Emitter Type 'Cylinder' registered
15:05:33: Particle Emitter Type 'Ring' registered
15:05:33: Particle Emitter Type 'HollowEllipsoid' registered
15:05:33: Particle Affector Type 'LinearForce' registered
15:05:33: Particle Affector Type 'ColourFader' registered
15:05:33: Particle Affector Type 'ColourFader2' registered
15:05:33: Particle Affector Type 'ColourImage' registered
15:05:33: Particle Affector Type 'ColourInterpolator' registered
15:05:33: Particle Affector Type 'Scaler' registered
15:05:33: Particle Affector Type 'Rotator' registered
15:05:33: Particle Affector Type 'DirectionRandomiser' registered
15:05:33: Particle Affector Type 'DeflectorPlane' registered
15:05:33: PCZone Factory Type 'ZoneType_Default' registered
15:05:33: CPU Identifier & Features
15:05:33: -------------------------
15:05:33:  *   CPU ID: GenuineIntel: Intel(R) Core(TM) i7 CPU         860  @ 2.80GHz
15:05:33:  *      SSE: yes
15:05:33:  *     SSE2: yes
15:05:33:  *     SSE3: yes
15:05:33:  *      MMX: yes
15:05:33:  *   MMXEXT: yes
15:05:33:  *    3DNOW: no
15:05:33:  * 3DNOWEXT: no
15:05:33:  *     CMOV: yes
15:05:33:  *      TSC: yes
15:05:33:  *      FPU: yes
15:05:33:  *      PRO: yes
15:05:33:  *       HT: no
15:05:33: -------------------------
15:05:33: D3D9 : Subsystem Initialising
15:05:33: Registering ResourceManager for type Texture
15:05:33: Registering ResourceManager for type GpuProgram
15:05:33: ***************************************
15:05:33: *** D3D9 : Subsystem Initialised OK ***
15:05:33: ***************************************
15:05:33: SceneManagerFactory for type 'OctreeSceneManager' registered.
15:05:33: SceneManagerFactory for type 'BspSceneManager' registered.
15:05:33: Registering ResourceManager for type BspLevel
15:05:34: D3D9RenderSystem::_createRenderWindow "PureBasic Ogre", 800x600 windowed  miscParams: FSAA=0 displayFrequency=0 externalWindowHandle=3477180 vsync=true 
15:05:34: D3D9 : Created D3D9 Rendering Window 'PureBasic Ogre' : 800x600, 32bpp
15:05:34: D3D9: Vertex texture format supported - PF_L8
15:05:34: D3D9: Vertex texture format supported - PF_L16
15:05:34: D3D9: Vertex texture format supported - PF_A8
15:05:34: D3D9: Vertex texture format supported - PF_A4L4
15:05:34: D3D9: Vertex texture format supported - PF_BYTE_LA
15:05:34: D3D9: Vertex texture format supported - PF_R5G6B5
15:05:34: D3D9: Vertex texture format supported - PF_B5G6R5
15:05:34: D3D9: Vertex texture format supported - PF_A4R4G4B4
15:05:34: D3D9: Vertex texture format supported - PF_A1R5G5B5
15:05:34: D3D9: Vertex texture format supported - PF_A8R8G8B8
15:05:34: D3D9: Vertex texture format supported - PF_B8G8R8A8
15:05:34: D3D9: Vertex texture format supported - PF_A2R10G10B10
15:05:34: D3D9: Vertex texture format supported - PF_A2B10G10R10
15:05:34: D3D9: Vertex texture format supported - PF_DXT1
15:05:34: D3D9: Vertex texture format supported - PF_DXT2
15:05:34: D3D9: Vertex texture format supported - PF_DXT3
15:05:34: D3D9: Vertex texture format supported - PF_DXT4
15:05:34: D3D9: Vertex texture format supported - PF_DXT5
15:05:34: D3D9: Vertex texture format supported - PF_FLOAT16_RGB
15:05:34: D3D9: Vertex texture format supported - PF_FLOAT16_RGBA
15:05:34: D3D9: Vertex texture format supported - PF_FLOAT32_RGB
15:05:34: D3D9: Vertex texture format supported - PF_FLOAT32_RGBA
15:05:34: D3D9: Vertex texture format supported - PF_X8R8G8B8
15:05:34: D3D9: Vertex texture format supported - PF_X8B8G8R8
15:05:34: D3D9: Vertex texture format supported - PF_R8G8B8A8
15:05:34: D3D9: Vertex texture format supported - PF_DEPTH
15:05:34: D3D9: Vertex texture format supported - PF_SHORT_RGBA
15:05:34: D3D9: Vertex texture format supported - PF_FLOAT16_R
15:05:34: D3D9: Vertex texture format supported - PF_FLOAT32_R
15:05:34: D3D9: Vertex texture format supported - PF_SHORT_GR
15:05:34: D3D9: Vertex texture format supported - PF_FLOAT16_GR
15:05:34: D3D9: Vertex texture format supported - PF_FLOAT32_GR
15:05:34: D3D9: Vertex texture format supported - PF_SHORT_RGB
15:05:34: D3D9: Vertex texture format supported - PF_PVRTC_RGB2
15:05:34: D3D9: Vertex texture format supported - PF_PVRTC_RGBA2
15:05:34: D3D9: Vertex texture format supported - PF_PVRTC_RGB4
15:05:34: D3D9: Vertex texture format supported - PF_PVRTC_RGBA4
15:05:34: D3D9: Vertex texture format supported - PF_R8
15:05:34: D3D9: Vertex texture format supported - PF_RG8
15:05:34: RenderSystem capabilities
15:05:34: -------------------------
15:05:34: RenderSystem Name: Direct3D9 Rendering Subsystem
15:05:34: GPU Vendor: ati
15:05:34: Device Name: Monitor-1-AMD Radeon R9 200 Series
15:05:34: Driver Version: 8.17.10.1404
15:05:34:  * Fixed function pipeline: yes
15:05:34:  * Hardware generation of mipmaps: yes
15:05:34:  * Texture blending: yes
15:05:34:  * Anisotropic texture filtering: yes
15:05:34:  * Dot product texture operation: yes
15:05:34:  * Cube mapping: yes
15:05:34:  * Hardware stencil buffer: yes
15:05:34:    - Stencil depth: 8
15:05:34:    - Two sided stencil support: yes
15:05:34:    - Wrap stencil values: yes
15:05:34:  * Hardware vertex / index buffers: yes
15:05:34:  * Vertex programs: yes
15:05:34:  * Number of floating-point constants for vertex programs: 256
15:05:34:  * Number of integer constants for vertex programs: 16
15:05:34:  * Number of boolean constants for vertex programs: 16
15:05:34:  * Fragment programs: yes
15:05:34:  * Number of floating-point constants for fragment programs: 224
15:05:34:  * Number of integer constants for fragment programs: 16
15:05:34:  * Number of boolean constants for fragment programs: 16
15:05:34:  * Geometry programs: no
15:05:34:  * Number of floating-point constants for geometry programs: 0
15:05:34:  * Number of integer constants for geometry programs: 0
15:05:34:  * Number of boolean constants for geometry programs: 0
15:05:34:  * Supported Shader Profiles: hlsl ps_1_1 ps_1_2 ps_1_3 ps_1_4 ps_2_0 ps_2_a ps_2_b ps_2_x ps_3_0 vs_1_1 vs_2_0 vs_2_a vs_2_x vs_3_0
15:05:34:  * Texture Compression: yes
15:05:34:    - DXT: yes
15:05:34:    - VTC: no
15:05:34:    - PVRTC: no
15:05:34:  * Scissor Rectangle: yes
15:05:34:  * Hardware Occlusion Query: yes
15:05:34:  * User clip planes: yes
15:05:34:  * VET_UBYTE4 vertex element type: yes
15:05:34:  * Infinite far plane projection: yes
15:05:34:  * Hardware render-to-texture: yes
15:05:34:  * Floating point textures: yes
15:05:34:  * Non-power-of-two textures: yes
15:05:34:  * Volume textures: yes
15:05:34:  * Multiple Render Targets: 4
15:05:34:    - With different bit depths: yes
15:05:34:  * Point Sprites: yes
15:05:34:  * Extended point parameters: yes
15:05:34:  * Max Point Size: 256
15:05:34:  * Vertex texture fetch: yes
15:05:34:  * Number of world matrices: 0
15:05:34:  * Number of texture units: 8
15:05:34:  * Stencil buffer depth: 8
15:05:34:  * Number of vertex blend matrices: 0
15:05:34:    - Max vertex textures: 4
15:05:34:    - Vertex textures shared: no
15:05:34:  * Render to Vertex Buffer : no
15:05:34:  * DirectX per stage constants: yes
15:05:34: DefaultWorkQueue('Root') initialising on thread main.
15:05:34: Particle Renderer Type 'billboard' registered
15:05:34: Added resource location 'C:\PureBasic\Svn\v5.40\Build\PureBasic_x86\examples/3d/Data' of type 'FileSystem' to resource group 'General'
15:05:34: Added resource location 'C:\PureBasic\Svn\v5.40\Build\PureBasic_x86\examples/3d/Data/Textures' of type 'FileSystem' to resource group 'General'
15:05:34: Added resource location 'C:\PureBasic\Svn\v5.40\Build\PureBasic_x86\examples/3d/Data/Models' of type 'FileSystem' to resource group 'General'
15:05:34: Added resource location 'C:\PureBasic\Svn\v5.40\Build\PureBasic_x86\examples/3d/Data/Scripts' of type 'FileSystem' to resource group 'General'
15:05:34: Added resource location 'C:\PureBasic\Svn\v5.40\Build\PureBasic_x86\examples/3d/Data/Particles' of type 'FileSystem' to resource group 'General'
15:05:34: Added resource location 'C:\PureBasic\Svn\v5.40\Build\PureBasic_x86\examples/3d/Data/Packs/desert.zip' of type 'Zip' to resource group 'General'
15:05:34: Parsing scripts for resource group Autodetect
15:05:34: Finished parsing scripts for resource group Autodetect
15:05:34: Creating resources for group Autodetect
15:05:34: All done
15:05:34: Parsing scripts for resource group General
15:05:34: Parsing script Color.material
15:05:34: Parsing script CubeMap.material
15:05:34: Parsing script Examples.material
15:05:34: Parsing script facial.material
15:05:34: Parsing script particle.material
15:05:34: Parsing script ResetMaterial.material
15:05:34: Parsing script scene.material
15:05:34: Parsing script shapekey.material
15:05:34: Parsing script smoke.material
15:05:34: Parsing script SphereMap.material
15:05:34: Parsing script emitted_emitter.particle
15:05:34: Parsing script Examples-Water.particle
15:05:34: Parsing script Examples.particle
15:05:34: Parsing script smoke.particle
15:05:34: Finished parsing scripts for resource group General
15:05:34: Creating resources for group General
15:05:34: All done
15:05:34: Parsing scripts for resource group Internal
15:05:34: Finished parsing scripts for resource group Internal
15:05:34: Creating resources for group Internal
15:05:34: All done
15:05:34: Texture: PureBasic.bmp: Loading 1 faces(PF_R8G8B8,168x35x1) with 7 generated mipmaps from Image. Internal format is PF_X8R8G8B8,168x35x1.
15:05:34: Texture: r2skin.jpg: Loading 1 faces(PF_R8G8B8,512x512x1) Internal format is PF_X8R8G8B8,512x512x1.
15:05:34: Texture: Dirt.jpg: Loading 1 faces(PF_R8G8B8,256x256x1) Internal format is PF_X8R8G8B8,256x256x1.
15:05:34: Mesh: Loading robot.mesh.
15:05:34: Skeleton: Loading robot.skeleton
15:05:34: WARNING: robot.mesh is an older format ([MeshSerializer_v1.41]); you should upgrade it as soon as possible using the OgreMeshUpgrade tool.
15:05:34: Texture: r2skin.jpg: Loading 1 faces(PF_R8G8B8,512x512x1) Internal format is PF_X8R8G8B8,512x512x1.
15:05:34: Texture: flaretrail.png: Loading 1 faces(PF_R8G8B8,128x128x1) Internal format is PF_X8R8G8B8,128x128x1.
15:05:34: Texture: flare.png: Loading 1 faces(PF_R8G8B8,256x256x1) Internal format is PF_X8R8G8B8,256x256x1.
